<?xml version="1.0" encoding="UTF-8"?>
<testsuite xmlns:xsi="http://www.w3.org/2001/XMLSchema-instance" xsi:noNamespaceSchemaLocation="https://maven.apache.org/surefire/maven-surefire-plugin/xsd/surefire-test-report.xsd" version="3.0.2" name="com.quanxiaoha.ai.robot.XiaohaAiRobotSpringbootApplicationTests" time="2.978" tests="1" errors="0" skipped="0" failures="0">
  <properties>
[...]
</properties>
  <testcase name="contextLoads" classname="com.quanxiaoha.ai.robot.XiaohaAiRobotSpringbootApplicationTests" time="0.836">
    <system-out><![CDATA[11:16:06.310 [main] INFO org.springframework.test.context.support.AnnotationConfigContextLoaderUtils -- Could not detect default configuration classes for test class [com.quanxiaoha.ai.robot.XiaohaAiRobotSpringbootApplicationTests]: XiaohaAiRobotSpringbootApplicationTests does not declare any static, non-private, non-final, nested classes annotated with @Configuration.
11:16:06.409 [main] INFO org.springframework.boot.test.context.SpringBootTestContextBootstrapper -- Found @SpringBootConfiguration com.quanxiaoha.ai.robot.XiaohaAiRobotSpringbootApplication for test class com.quanxiaoha.ai.robot.XiaohaAiRobotSpringbootApplicationTests

  .   ____          _            __ _ _
 /\\ / ___'_ __ _ _(_)_ __  __ _ \ \ \ \
( ( )\___ | '_ | '_| | '_ \/ _` | \ \ \ \
 \\/  ___)| |_)| | | | | || (_| |  ) ) ) )
  '  |____| .__|_| |_|_| |_\__, | / / / /
 =========|_|==============|___/=/_/_/_/

 :: Spring Boot ::                (v3.4.7)

2025-07-22T11:16:06.817+08:00  INFO 12140 --- [           main] .XiaohaAiRobotSpringbootApplicationTests : Starting XiaohaAiRobotSpringbootApplicationTests using Java 21.0.7 with PID 12140 (started by 24824 in E:\develop\ai-robot-springboot\xiaoha-ai-robot\xiaoha-ai-robot-springboot)
2025-07-22T11:16:06.818+08:00  INFO 12140 --- [           main] .XiaohaAiRobotSpringbootApplicationTests : No active profile set, falling back to 1 default profile: "default"
2025-07-22T11:16:08.308+08:00  INFO 12140 --- [           main] .XiaohaAiRobotSpringbootApplicationTests : Started XiaohaAiRobotSpringbootApplicationTests in 1.779 seconds (process running for 2.633)
]]></system-out>
    <system-err><![CDATA[Mockito is currently self-attaching to enable the inline-mock-maker. This will no longer work in future releases of the JDK. Please add Mockito as an agent to your build what is described in Mockito's documentation: https://javadoc.io/doc/org.mockito/mockito-core/latest/org/mockito/Mockito.html#0.3
WARNING: A Java agent has been loaded dynamically (E:\apache-maven-3.9.9-bin\mvn_repo\net\bytebuddy\byte-buddy-agent\1.15.11\byte-buddy-agent-1.15.11.jar)
WARNING: If a serviceability tool is in use, please run with -XX:+EnableDynamicAgentLoading to hide this warning
WARNING: If a serviceability tool is not in use, please run with -Djdk.instrument.traceUsage for more information
WARNING: Dynamic loading of agents will be disallowed by default in a future release
]]></system-err>
  </testcase>
</testsuite>